<?xml version="1.0" encoding="UTF-8"?>
<testsuite xmlns:xsi="http://www.w3.org/2001/XMLSchema-instance" xsi:noNamespaceSchemaLocation="https://maven.apache.org/surefire/maven-surefire-plugin/xsd/surefire-test-report-3.0.xsd" version="3.0" name="com.example.springboot.SpringbootApplicationTests" time="1.855" tests="1" errors="0" skipped="0" failures="0">
  <properties>
    <property name="java.specification.version" value="21"/>
    <property name="sun.cpu.isalist" value="amd64"/>
    <property name="sun.jnu.encoding" value="GBK"/>
    <property name="java.class.path" value="D:\ProgramingWorkspace\Graduation Project\mycode\springboot\target\test-classes;D:\ProgramingWorkspace\Graduation Project\mycode\springboot\target\classes;D:\Program files\Maven\myRepository\org\springframework\boot\spring-boot-starter-web\3.3.9\spring-boot-starter-web-3.3.9.jar;D:\Program files\Maven\myRepository\org\springframework\boot\spring-boot-starter\3.3.9\spring-boot-starter-3.3.9.jar;D:\Program files\Maven\myRepository\org\springframework\boot\spring-boot\3.3.9\spring-boot-3.3.9.jar;D:\Program files\Maven\myRepository\org\springframework\boot\spring-boot-autoconfigure\3.3.9\spring-boot-autoconfigure-3.3.9.jar;D:\Program files\Maven\myRepository\org\springframework\boot\spring-boot-starter-logging\3.3.9\spring-boot-starter-logging-3.3.9.jar;D:\Program files\Maven\myRepository\ch\qos\logback\logback-classic\1.5.16\logback-classic-1.5.16.jar;D:\Program files\Maven\myRepository\ch\qos\logback\logback-core\1.5.16\logback-core-1.5.16.jar;D:\Program files\Maven\myRepository\org\apache\logging\log4j\log4j-to-slf4j\2.23.1\log4j-to-slf4j-2.23.1.jar;D:\Program files\Maven\myRepository\org\apache\logging\log4j\log4j-api\2.23.1\log4j-api-2.23.1.jar;D:\Program files\Maven\myRepository\org\slf4j\jul-to-slf4j\2.0.16\jul-to-slf4j-2.0.16.jar;D:\Program files\Maven\myRepository\jakarta\annotation\jakarta.annotation-api\2.1.1\jakarta.annotation-api-2.1.1.jar;D:\Program files\Maven\myRepository\org\yaml\snakeyaml\2.2\snakeyaml-2.2.jar;D:\Program files\Maven\myRepository\org\springframework\boot\spring-boot-starter-json\3.3.9\spring-boot-starter-json-3.3.9.jar;D:\Program files\Maven\myRepository\com\fasterxml\jackson\core\jackson-databind\2.17.3\jackson-databind-2.17.3.jar;D:\Program files\Maven\myRepository\com\fasterxml\jackson\core\jackson-annotations\2.17.3\jackson-annotations-2.17.3.jar;D:\Program files\Maven\myRepository\com\fasterxml\jackson\core\jackson-core\2.17.3\jackson-core-2.17.3.jar;D:\Program files\Maven\myRepository\com\fasterxml\jackson\datatype\jackson-datatype-jdk8\2.17.3\jackson-datatype-jdk8-2.17.3.jar;D:\Program files\Maven\myRepository\com\fasterxml\jackson\datatype\jackson-datatype-jsr310\2.17.3\jackson-datatype-jsr310-2.17.3.jar;D:\Program files\Maven\myRepository\com\fasterxml\jackson\module\jackson-module-parameter-names\2.17.3\jackson-module-parameter-names-2.17.3.jar;D:\Program files\Maven\myRepository\org\springframework\boot\spring-boot-starter-tomcat\3.3.9\spring-boot-starter-tomcat-3.3.9.jar;D:\Program files\Maven\myRepository\org\apache\tomcat\embed\tomcat-embed-core\10.1.36\tomcat-embed-core-10.1.36.jar;D:\Program files\Maven\myRepository\org\apache\tomcat\embed\tomcat-embed-el\10.1.36\tomcat-embed-el-10.1.36.jar;D:\Program files\Maven\myRepository\org\apache\tomcat\embed\tomcat-embed-websocket\10.1.36\tomcat-embed-websocket-10.1.36.jar;D:\Program files\Maven\myRepository\org\springframework\spring-web\6.1.17\spring-web-6.1.17.jar;D:\Program files\Maven\myRepository\org\springframework\spring-beans\6.1.17\spring-beans-6.1.17.jar;D:\Program files\Maven\myRepository\io\micrometer\micrometer-observation\1.13.11\micrometer-observation-1.13.11.jar;D:\Program files\Maven\myRepository\io\micrometer\micrometer-commons\1.13.11\micrometer-commons-1.13.11.jar;D:\Program files\Maven\myRepository\org\springframework\spring-webmvc\6.1.17\spring-webmvc-6.1.17.jar;D:\Program files\Maven\myRepository\org\springframework\spring-aop\6.1.17\spring-aop-6.1.17.jar;D:\Program files\Maven\myRepository\org\springframework\spring-context\6.1.17\spring-context-6.1.17.jar;D:\Program files\Maven\myRepository\org\springframework\spring-expression\6.1.17\spring-expression-6.1.17.jar;D:\Program files\Maven\myRepository\org\springframework\boot\spring-boot-starter-test\3.3.9\spring-boot-starter-test-3.3.9.jar;D:\Program files\Maven\myRepository\org\springframework\boot\spring-boot-test\3.3.9\spring-boot-test-3.3.9.jar;D:\Program files\Maven\myRepository\org\springframework\boot\spring-boot-test-autoconfigure\3.3.9\spring-boot-test-autoconfigure-3.3.9.jar;D:\Program files\Maven\myRepository\com\jayway\jsonpath\json-path\2.9.0\json-path-2.9.0.jar;D:\Program files\Maven\myRepository\org\slf4j\slf4j-api\2.0.16\slf4j-api-2.0.16.jar;D:\Program files\Maven\myRepository\jakarta\xml\bind\jakarta.xml.bind-api\4.0.2\jakarta.xml.bind-api-4.0.2.jar;D:\Program files\Maven\myRepository\jakarta\activation\jakarta.activation-api\2.1.3\jakarta.activation-api-2.1.3.jar;D:\Program files\Maven\myRepository\net\minidev\json-smart\2.5.2\json-smart-2.5.2.jar;D:\Program files\Maven\myRepository\net\minidev\accessors-smart\2.5.2\accessors-smart-2.5.2.jar;D:\Program files\Maven\myRepository\org\ow2\asm\asm\9.7.1\asm-9.7.1.jar;D:\Program files\Maven\myRepository\org\assertj\assertj-core\3.25.3\assertj-core-3.25.3.jar;D:\Program files\Maven\myRepository\net\bytebuddy\byte-buddy\1.14.19\byte-buddy-1.14.19.jar;D:\Program files\Maven\myRepository\org\awaitility\awaitility\4.2.2\awaitility-4.2.2.jar;D:\Program files\Maven\myRepository\org\hamcrest\hamcrest\2.2\hamcrest-2.2.jar;D:\Program files\Maven\myRepository\org\junit\jupiter\junit-jupiter\5.10.5\junit-jupiter-5.10.5.jar;D:\Program files\Maven\myRepository\org\junit\jupiter\junit-jupiter-api\5.10.5\junit-jupiter-api-5.10.5.jar;D:\Program files\Maven\myRepository\org\opentest4j\opentest4j\1.3.0\opentest4j-1.3.0.jar;D:\Program files\Maven\myRepository\org\junit\platform\junit-platform-commons\1.10.5\junit-platform-commons-1.10.5.jar;D:\Program files\Maven\myRepository\org\apiguardian\apiguardian-api\1.1.2\apiguardian-api-1.1.2.jar;D:\Program files\Maven\myRepository\org\junit\jupiter\junit-jupiter-params\5.10.5\junit-jupiter-params-5.10.5.jar;D:\Program files\Maven\myRepository\org\junit\jupiter\junit-jupiter-engine\5.10.5\junit-jupiter-engine-5.10.5.jar;D:\Program files\Maven\myRepository\org\junit\platform\junit-platform-engine\1.10.5\junit-platform-engine-1.10.5.jar;D:\Program files\Maven\myRepository\org\mockito\mockito-core\5.11.0\mockito-core-5.11.0.jar;D:\Program files\Maven\myRepository\net\bytebuddy\byte-buddy-agent\1.14.19\byte-buddy-agent-1.14.19.jar;D:\Program files\Maven\myRepository\org\objenesis\objenesis\3.3\objenesis-3.3.jar;D:\Program files\Maven\myRepository\org\mockito\mockito-junit-jupiter\5.11.0\mockito-junit-jupiter-5.11.0.jar;D:\Program files\Maven\myRepository\org\skyscreamer\jsonassert\1.5.3\jsonassert-1.5.3.jar;D:\Program files\Maven\myRepository\com\vaadin\external\google\android-json\0.0.20131108.vaadin1\android-json-0.0.20131108.vaadin1.jar;D:\Program files\Maven\myRepository\org\springframework\spring-core\6.1.17\spring-core-6.1.17.jar;D:\Program files\Maven\myRepository\org\springframework\spring-jcl\6.1.17\spring-jcl-6.1.17.jar;D:\Program files\Maven\myRepository\org\springframework\spring-test\6.1.17\spring-test-6.1.17.jar;D:\Program files\Maven\myRepository\org\xmlunit\xmlunit-core\2.9.1\xmlunit-core-2.9.1.jar;"/>
    <property name="java.vm.vendor" value="Oracle Corporation"/>
    <property name="sun.arch.data.model" value="64"/>
    <property name="user.variant" value=""/>
    <property name="java.vendor.url" value="https://java.oracle.com/"/>
    <property name="user.timezone" value="Asia/Hong_Kong"/>
    <property name="os.name" value="Windows 11"/>
    <property name="java.vm.specification.version" value="21"/>
    <property name="sun.java.launcher" value="SUN_STANDARD"/>
    <property name="user.country" value="CN"/>
    <property name="sun.boot.library.path" value="D:\Java\jdk-21\bin"/>
    <property name="sun.java.command" value="C:\Users\moke\AppData\Local\Temp\surefire13871907588108372599\surefirebooter-20250412231217087_3.jar C:\Users\moke\AppData\Local\Temp\surefire13871907588108372599 2025-04-12T23-12-09_895-jvmRun1 surefire-20250412231217087_1tmp surefire_0-20250412231217087_2tmp"/>
    <property name="jdk.debug" value="release"/>
    <property name="surefire.test.class.path" value="D:\ProgramingWorkspace\Graduation Project\mycode\springboot\target\test-classes;D:\ProgramingWorkspace\Graduation Project\mycode\springboot\target\classes;D:\Program files\Maven\myRepository\org\springframework\boot\spring-boot-starter-web\3.3.9\spring-boot-starter-web-3.3.9.jar;D:\Program files\Maven\myRepository\org\springframework\boot\spring-boot-starter\3.3.9\spring-boot-starter-3.3.9.jar;D:\Program files\Maven\myRepository\org\springframework\boot\spring-boot\3.3.9\spring-boot-3.3.9.jar;D:\Program files\Maven\myRepository\org\springframework\boot\spring-boot-autoconfigure\3.3.9\spring-boot-autoconfigure-3.3.9.jar;D:\Program files\Maven\myRepository\org\springframework\boot\spring-boot-starter-logging\3.3.9\spring-boot-starter-logging-3.3.9.jar;D:\Program files\Maven\myRepository\ch\qos\logback\logback-classic\1.5.16\logback-classic-1.5.16.jar;D:\Program files\Maven\myRepository\ch\qos\logback\logback-core\1.5.16\logback-core-1.5.16.jar;D:\Program files\Maven\myRepository\org\apache\logging\log4j\log4j-to-slf4j\2.23.1\log4j-to-slf4j-2.23.1.jar;D:\Program files\Maven\myRepository\org\apache\logging\log4j\log4j-api\2.23.1\log4j-api-2.23.1.jar;D:\Program files\Maven\myRepository\org\slf4j\jul-to-slf4j\2.0.16\jul-to-slf4j-2.0.16.jar;D:\Program files\Maven\myRepository\jakarta\annotation\jakarta.annotation-api\2.1.1\jakarta.annotation-api-2.1.1.jar;D:\Program files\Maven\myRepository\org\yaml\snakeyaml\2.2\snakeyaml-2.2.jar;D:\Program files\Maven\myRepository\org\springframework\boot\spring-boot-starter-json\3.3.9\spring-boot-starter-json-3.3.9.jar;D:\Program files\Maven\myRepository\com\fasterxml\jackson\core\jackson-databind\2.17.3\jackson-databind-2.17.3.jar;D:\Program files\Maven\myRepository\com\fasterxml\jackson\core\jackson-annotations\2.17.3\jackson-annotations-2.17.3.jar;D:\Program files\Maven\myRepository\com\fasterxml\jackson\core\jackson-core\2.17.3\jackson-core-2.17.3.jar;D:\Program files\Maven\myRepository\com\fasterxml\jackson\datatype\jackson-datatype-jdk8\2.17.3\jackson-datatype-jdk8-2.17.3.jar;D:\Program files\Maven\myRepository\com\fasterxml\jackson\datatype\jackson-datatype-jsr310\2.17.3\jackson-datatype-jsr310-2.17.3.jar;D:\Program files\Maven\myRepository\com\fasterxml\jackson\module\jackson-module-parameter-names\2.17.3\jackson-module-parameter-names-2.17.3.jar;D:\Program files\Maven\myRepository\org\springframework\boot\spring-boot-starter-tomcat\3.3.9\spring-boot-starter-tomcat-3.3.9.jar;D:\Program files\Maven\myRepository\org\apache\tomcat\embed\tomcat-embed-core\10.1.36\tomcat-embed-core-10.1.36.jar;D:\Program files\Maven\myRepository\org\apache\tomcat\embed\tomcat-embed-el\10.1.36\tomcat-embed-el-10.1.36.jar;D:\Program files\Maven\myRepository\org\apache\tomcat\embed\tomcat-embed-websocket\10.1.36\tomcat-embed-websocket-10.1.36.jar;D:\Program files\Maven\myRepository\org\springframework\spring-web\6.1.17\spring-web-6.1.17.jar;D:\Program files\Maven\myRepository\org\springframework\spring-beans\6.1.17\spring-beans-6.1.17.jar;D:\Program files\Maven\myRepository\io\micrometer\micrometer-observation\1.13.11\micrometer-observation-1.13.11.jar;D:\Program files\Maven\myRepository\io\micrometer\micrometer-commons\1.13.11\micrometer-commons-1.13.11.jar;D:\Program files\Maven\myRepository\org\springframework\spring-webmvc\6.1.17\spring-webmvc-6.1.17.jar;D:\Program files\Maven\myRepository\org\springframework\spring-aop\6.1.17\spring-aop-6.1.17.jar;D:\Program files\Maven\myRepository\org\springframework\spring-context\6.1.17\spring-context-6.1.17.jar;D:\Program files\Maven\myRepository\org\springframework\spring-expression\6.1.17\spring-expression-6.1.17.jar;D:\Program files\Maven\myRepository\org\springframework\boot\spring-boot-starter-test\3.3.9\spring-boot-starter-test-3.3.9.jar;D:\Program files\Maven\myRepository\org\springframework\boot\spring-boot-test\3.3.9\spring-boot-test-3.3.9.jar;D:\Program files\Maven\myRepository\org\springframework\boot\spring-boot-test-autoconfigure\3.3.9\spring-boot-test-autoconfigure-3.3.9.jar;D:\Program files\Maven\myRepository\com\jayway\jsonpath\json-path\2.9.0\json-path-2.9.0.jar;D:\Program files\Maven\myRepository\org\slf4j\slf4j-api\2.0.16\slf4j-api-2.0.16.jar;D:\Program files\Maven\myRepository\jakarta\xml\bind\jakarta.xml.bind-api\4.0.2\jakarta.xml.bind-api-4.0.2.jar;D:\Program files\Maven\myRepository\jakarta\activation\jakarta.activation-api\2.1.3\jakarta.activation-api-2.1.3.jar;D:\Program files\Maven\myRepository\net\minidev\json-smart\2.5.2\json-smart-2.5.2.jar;D:\Program files\Maven\myRepository\net\minidev\accessors-smart\2.5.2\accessors-smart-2.5.2.jar;D:\Program files\Maven\myRepository\org\ow2\asm\asm\9.7.1\asm-9.7.1.jar;D:\Program files\Maven\myRepository\org\assertj\assertj-core\3.25.3\assertj-core-3.25.3.jar;D:\Program files\Maven\myRepository\net\bytebuddy\byte-buddy\1.14.19\byte-buddy-1.14.19.jar;D:\Program files\Maven\myRepository\org\awaitility\awaitility\4.2.2\awaitility-4.2.2.jar;D:\Program files\Maven\myRepository\org\hamcrest\hamcrest\2.2\hamcrest-2.2.jar;D:\Program files\Maven\myRepository\org\junit\jupiter\junit-jupiter\5.10.5\junit-jupiter-5.10.5.jar;D:\Program files\Maven\myRepository\org\junit\jupiter\junit-jupiter-api\5.10.5\junit-jupiter-api-5.10.5.jar;D:\Program files\Maven\myRepository\org\opentest4j\opentest4j\1.3.0\opentest4j-1.3.0.jar;D:\Program files\Maven\myRepository\org\junit\platform\junit-platform-commons\1.10.5\junit-platform-commons-1.10.5.jar;D:\Program files\Maven\myRepository\org\apiguardian\apiguardian-api\1.1.2\apiguardian-api-1.1.2.jar;D:\Program files\Maven\myRepository\org\junit\jupiter\junit-jupiter-params\5.10.5\junit-jupiter-params-5.10.5.jar;D:\Program files\Maven\myRepository\org\junit\jupiter\junit-jupiter-engine\5.10.5\junit-jupiter-engine-5.10.5.jar;D:\Program files\Maven\myRepository\org\junit\platform\junit-platform-engine\1.10.5\junit-platform-engine-1.10.5.jar;D:\Program files\Maven\myRepository\org\mockito\mockito-core\5.11.0\mockito-core-5.11.0.jar;D:\Program files\Maven\myRepository\net\bytebuddy\byte-buddy-agent\1.14.19\byte-buddy-agent-1.14.19.jar;D:\Program files\Maven\myRepository\org\objenesis\objenesis\3.3\objenesis-3.3.jar;D:\Program files\Maven\myRepository\org\mockito\mockito-junit-jupiter\5.11.0\mockito-junit-jupiter-5.11.0.jar;D:\Program files\Maven\myRepository\org\skyscreamer\jsonassert\1.5.3\jsonassert-1.5.3.jar;D:\Program files\Maven\myRepository\com\vaadin\external\google\android-json\0.0.20131108.vaadin1\android-json-0.0.20131108.vaadin1.jar;D:\Program files\Maven\myRepository\org\springframework\spring-core\6.1.17\spring-core-6.1.17.jar;D:\Program files\Maven\myRepository\org\springframework\spring-jcl\6.1.17\spring-jcl-6.1.17.jar;D:\Program files\Maven\myRepository\org\springframework\spring-test\6.1.17\spring-test-6.1.17.jar;D:\Program files\Maven\myRepository\org\xmlunit\xmlunit-core\2.9.1\xmlunit-core-2.9.1.jar;"/>
    <property name="sun.cpu.endian" value="little"/>
    <property name="user.home" value="C:\Users\moke"/>
    <property name="user.language" value="zh"/>
    <property name="java.specification.vendor" value="Oracle Corporation"/>
    <property name="java.version.date" value="2025-01-21"/>
    <property name="java.home" value="D:\Java\jdk-21"/>
    <property name="file.separator" value="\"/>
    <property name="basedir" value="D:\ProgramingWorkspace\Graduation Project\mycode\springboot"/>
    <property name="java.vm.compressedOopsMode" value="Zero based"/>
    <property name="line.separator" value="&#10;"/>
    <property name="java.vm.specification.vendor" value="Oracle Corporation"/>
    <property name="java.specification.name" value="Java Platform API Specification"/>
    <property name="FILE_LOG_CHARSET" value="UTF-8"/>
    <property name="java.awt.headless" value="true"/>
    <property name="surefire.real.class.path" value="C:\Users\moke\AppData\Local\Temp\surefire13871907588108372599\surefirebooter-20250412231217087_3.jar"/>
    <property name="user.script" value=""/>
    <property name="sun.management.compiler" value="HotSpot 64-Bit Tiered Compilers"/>
    <property name="java.runtime.version" value="21.0.6+8-LTS-188"/>
    <property name="user.name" value="moke"/>
    <property name="stdout.encoding" value="GBK"/>
    <property name="path.separator" value=";"/>
    <property name="os.version" value="10.0"/>
    <property name="java.runtime.name" value="Java(TM) SE Runtime Environment"/>
    <property name="file.encoding" value="UTF-8"/>
    <property name="java.vm.name" value="Java HotSpot(TM) 64-Bit Server VM"/>
    <property name="localRepository" value="D:\Program files\Maven\myRepository"/>
    <property name="java.vendor.url.bug" value="https://bugreport.java.com/bugreport/"/>
    <property name="java.io.tmpdir" value="C:\Users\moke\AppData\Local\Temp\"/>
    <property name="java.version" value="21.0.6"/>
    <property name="user.dir" value="D:\ProgramingWorkspace\Graduation Project\mycode\springboot"/>
    <property name="os.arch" value="amd64"/>
    <property name="java.vm.specification.name" value="Java Virtual Machine Specification"/>
    <property name="PID" value="25160"/>
    <property name="sun.os.patch.level" value=""/>
    <property name="CONSOLE_LOG_CHARSET" value="UTF-8"/>
    <property name="native.encoding" value="GBK"/>
    <property name="java.library.path" value="D:\Java\jdk-21\bin;C:\Windows\Sun\Java\bin;C:\Windows\system32;C:\Windows;D:\Python\Python310\Scripts\;D:\Python\Python310\;D:\Java\jdk-21\bin;D:\Java\jdk-21\jre\bin;C:\Windows\system32;C:\Windows;C:\Windows\System32\Wbem;C:\Windows\System32\WindowsPowerShell\v1.0\;C:\Windows\System32\OpenSSH\;C:\Program Files (x86)\NVIDIA Corporation\PhysX\Common;C:\Program Files\NVIDIA Corporation\NVIDIA NvDLISR;C:\Program Files\dotnet\;D:\nvm;D:\nodejs;D:\Program files\Maven\apache-maven-3.6.3\bin;D:\Program files\Docker\DockerDownloads\resources\bin;D:\Program files\MySQL\MySQL Server 8.0\bin;D:\Program files\Git\cmd;D:\Program files\MySQL\MySQL Shell 8.0\bin\;C:\Users\moke\AppData\Local\Microsoft\WindowsApps;D:\Program files\Huawei\DevEco Studio\bin;;D:\Program files\Microsoft VS Code\bin;C:\Users\moke\AppData\Local\Programs\Ollama;D:\nvm;D:\nodejs;D:\Program files\IntelliJ IDEA Community Edition 2024.3.5\bin;;D:\Program files\IntelliJ IDEA 2024.3.5\bin;;D:\ollama\ollamaDownloads;."/>
    <property name="java.vm.info" value="mixed mode, sharing"/>
    <property name="stderr.encoding" value="GBK"/>
    <property name="java.vendor" value="Oracle Corporation"/>
    <property name="java.vm.version" value="21.0.6+8-LTS-188"/>
    <property name="sun.io.unicode.encoding" value="UnicodeLittle"/>
    <property name="java.class.version" value="65.0"/>
  </properties>
  <testcase name="contextLoads" classname="com.example.springboot.SpringbootApplicationTests" time="0.493">
    <system-out><![CDATA[23:12:17.534 [main] INFO org.springframework.test.context.support.AnnotationConfigContextLoaderUtils -- Could not detect default configuration classes for test class [com.example.springboot.SpringbootApplicationTests]: SpringbootApplicationTests does not declare any static, non-private, non-final, nested classes annotated with @Configuration.
23:12:17.588 [main] INFO org.springframework.boot.test.context.SpringBootTestContextBootstrapper -- Found @SpringBootConfiguration com.example.springboot.SpringbootApplication for test class com.example.springboot.SpringbootApplicationTests

  .   ____          _            __ _ _
 /\\ / ___'_ __ _ _(_)_ __  __ _ \ \ \ \
( ( )\___ | '_ | '_| | '_ \/ _` | \ \ \ \
 \\/  ___)| |_)| | | | | || (_| |  ) ) ) )
  '  |____| .__|_| |_|_| |_\__, | / / / /
 =========|_|==============|___/=/_/_/_/

 :: Spring Boot ::                (v3.3.9)

2025-04-12T23:12:17.864+08:00  INFO 25160 --- [           main] c.e.s.SpringbootApplicationTests         : Starting SpringbootApplicationTests using Java 21.0.6 with PID 25160 (started by moke in D:\ProgramingWorkspace\Graduation Project\mycode\springboot)
2025-04-12T23:12:17.864+08:00  INFO 25160 --- [           main] c.e.s.SpringbootApplicationTests         : No active profile set, falling back to 1 default profile: "default"
2025-04-12T23:12:18.764+08:00  INFO 25160 --- [           main] c.e.s.SpringbootApplicationTests         : Started SpringbootApplicationTests in 1.096 seconds (process running for 1.625)
]]></system-out>
    <system-err><![CDATA[WARNING: A Java agent has been loaded dynamically (D:\Program files\Maven\myRepository\net\bytebuddy\byte-buddy-agent\1.14.19\byte-buddy-agent-1.14.19.jar)
WARNING: If a serviceability tool is in use, please run with -XX:+EnableDynamicAgentLoading to hide this warning
WARNING: If a serviceability tool is not in use, please run with -Djdk.instrument.traceUsage for more information
WARNING: Dynamic loading of agents will be disallowed by default in a future release
]]></system-err>
  </testcase>
</testsuite>